network-filemanager-sample/build/intermediates/manifest_merge_blame_file/debug/manifest-merger-blame-debug-report.txt
1<?xml version="1.0" encoding="utf-8"?>
2<manifest xmlns:android="http://schemas.android.com/apk/res/android"
3    package="com.huawei.hms.network.filemanager.sample"
4    android:versionCode="1"
5    android:versionName="1.0" >
6
7    <uses-sdk
8        android:minSdkVersion="19"
8-->src\main\AndroidManifest.xml
9        android:targetSdkVersion="33" />
9-->src\main\AndroidManifest.xml
10
11    <uses-permission android:name="android.permission.INTERNET" />
11-->src\main\AndroidManifest.xml:4:5-66
11-->src\main\AndroidManifest.xml:4:22-64
12    <uses-permission android:name="android.permission.WRITE_EXTERNAL_STORAGE" />
12-->src\main\AndroidManifest.xml:5:5-81
12-->src\main\AndroidManifest.xml:5:22-78
13    <uses-permission android:name="android.permission.READ_EXTERNAL_STORAGE" />
13-->src\main\AndroidManifest.xml:6:5-80
13-->src\main\AndroidManifest.xml:6:22-77
14    <uses-permission android:name="android.permission.ACCESS_NETWORK_STATE" />
14-->src\main\AndroidManifest.xml:7:5-78
14-->src\main\AndroidManifest.xml:7:22-76
15
16    <queries>
16-->[com.huawei.hms:dynamic-api:1.0.20.300] AndroidManifest.xml:11:5-15:15
17        <package android:name="com.huawei.hff" />
17-->[com.huawei.hms:dynamic-api:1.0.20.300] AndroidManifest.xml:12:9-50
17-->[com.huawei.hms:dynamic-api:1.0.20.300] AndroidManifest.xml:12:18-47
18        <package android:name="com.huawei.hms" />
18-->[com.huawei.hms:dynamic-api:1.0.20.300] AndroidManifest.xml:13:9-50
18-->[com.huawei.hms:dynamic-api:1.0.20.300] AndroidManifest.xml:13:18-47
19        <package android:name="com.huawei.hwid" />
19-->[com.huawei.hms:dynamic-api:1.0.20.300] AndroidManifest.xml:14:9-51
19-->[com.huawei.hms:dynamic-api:1.0.20.300] AndroidManifest.xml:14:18-48
20    </queries>
21
22    <application
22-->src\main\AndroidManifest.xml:8:5-21:19
23        android:debuggable="true"
24        android:label="@string/app_name"
24-->src\main\AndroidManifest.xml:9:9-41
25        android:requestLegacyExternalStorage="true"
25-->src\main\AndroidManifest.xml:11:9-52
26        android:supportsRtl="true"
26-->src\main\AndroidManifest.xml:12:9-35
27        android:testOnly="true"
28        android:usesCleartextTraffic="true" >
28-->src\main\AndroidManifest.xml:10:9-44
29        <activity
29-->src\main\AndroidManifest.xml:13:9-20:20
30            android:name="com.huawei.hms.network.filemanager.sample.MainActivity"
30-->src\main\AndroidManifest.xml:13:19-88
31            android:exported="true" >
31-->src\main\AndroidManifest.xml:14:13-36
32            <intent-filter>
32-->src\main\AndroidManifest.xml:15:13-19:29
33                <action android:name="android.intent.action.MAIN" />
33-->src\main\AndroidManifest.xml:16:17-69
33-->src\main\AndroidManifest.xml:16:25-66
34
35                <category android:name="android.intent.category.LAUNCHER" />
35-->src\main\AndroidManifest.xml:18:17-77
35-->src\main\AndroidManifest.xml:18:27-74
36            </intent-filter>
37        </activity>
38        <!-- 服务meta-data配置 -->
39        <meta-data
39-->[com.huawei.hms:network-embedded:6.0.7.300] AndroidManifest.xml:17:9-19:82
40            android:name="networkservice_netdiag"
40-->[com.huawei.hms:network-embedded:6.0.7.300] AndroidManifest.xml:18:13-50
41            android:value="com.huawei.hms.network.netdiag.NetDiagnosisService" /> <!-- 服务meta-data配置 -->
41-->[com.huawei.hms:network-embedded:6.0.7.300] AndroidManifest.xml:19:13-79
42        <meta-data
42-->[com.huawei.hms:network-embedded:6.0.7.300] AndroidManifest.xml:21:9-23:73
43            android:name="networkservice_ai"
43-->[com.huawei.hms:network-embedded:6.0.7.300] AndroidManifest.xml:22:13-45
44            android:value="com.huawei.hms.network.ai.AIPolicyService" /> <!-- 服务meta-data配置 -->
44-->[com.huawei.hms:network-embedded:6.0.7.300] AndroidManifest.xml:23:13-70
45        <meta-data
45-->[com.huawei.hms:network-embedded:6.0.7.300] AndroidManifest.xml:24:9-26:77
46            android:name="networkservice_config"
46-->[com.huawei.hms:network-embedded:6.0.7.300] AndroidManifest.xml:25:13-49
47            android:value="com.huawei.hms.network.conf.api.ConfigService" /> <!-- 服务meta-data配置 -->
47-->[com.huawei.hms:network-embedded:6.0.7.300] AndroidManifest.xml:26:13-74
48        <meta-data
48-->[com.huawei.hms:network-embedded:6.0.7.300] AndroidManifest.xml:27:9-29:69
49            android:name="networkservice_dns"
49-->[com.huawei.hms:network-embedded:6.0.7.300] AndroidManifest.xml:28:13-46
50            android:value="com.huawei.hms.network.dns.DNSService" /> <!-- 声明kit sdk服务名和版本号apiLevel -->
50-->[com.huawei.hms:network-embedded:6.0.7.300] AndroidManifest.xml:29:13-66
51        <meta-data
51-->[com.huawei.hms:network-api:6.0.7.300] AndroidManifest.xml:17:9-19:53
52            android:name="com.huawei.hms.client.service.name:network-api"
52-->[com.huawei.hms:network-api:6.0.7.300] AndroidManifest.xml:18:13-74
53            android:value="network-api:6.0.7.300" />
53-->[com.huawei.hms:network-api:6.0.7.300] AndroidManifest.xml:19:13-50
54        <meta-data
54-->[com.huawei.hms:dynamic-api:1.0.20.300] AndroidManifest.xml:18:9-20:54
55            android:name="com.huawei.hms.client.service.name:dynamic-api"
55-->[com.huawei.hms:dynamic-api:1.0.20.300] AndroidManifest.xml:19:13-74
56            android:value="dynamic-api:1.0.20.300" />
56-->[com.huawei.hms:dynamic-api:1.0.20.300] AndroidManifest.xml:20:13-51
57        <meta-data
57-->[com.huawei.hms:dynamic-api:1.0.20.300] AndroidManifest.xml:21:9-23:33
58            android:name="com.huawei.hms.min_api_level:dynamic-api:huawei_module_dynamicloader"
58-->[com.huawei.hms:dynamic-api:1.0.20.300] AndroidManifest.xml:22:13-96
59            android:value="8" />
59-->[com.huawei.hms:dynamic-api:1.0.20.300] AndroidManifest.xml:23:13-30
60    </application>
61
62</manifest>